[debug] [2024-01-24T19:17:23.717Z] ----------------------------------------------------------------------
[debug] [2024-01-24T19:17:23.720Z] Command:       C:\Program Files\nodejs\node.exe C:\Users\Rijwan\AppData\Roaming\npm\node_modules\firebase-tools\lib\bin\firebase.js deploy
[debug] [2024-01-24T19:17:23.720Z] CLI Version:   13.0.3
[debug] [2024-01-24T19:17:23.721Z] Platform:      win32
[debug] [2024-01-24T19:17:23.721Z] Node Version:  v18.18.0
[debug] [2024-01-24T19:17:23.722Z] Time:          Thu Jan 25 2024 01:17:23 GMT+0600 (Bangladesh Standard Time)
[debug] [2024-01-24T19:17:23.723Z] ----------------------------------------------------------------------
[debug] 
[debug] [2024-01-24T19:17:23.811Z] > command requires scopes: ["email","openid","https://www.googleapis.com/auth/cloudplatformprojects.readonly","https://www.googleapis.com/auth/firebase","https://www.googleapis.com/auth/cloud-platform"]
[debug] [2024-01-24T19:17:23.812Z] > authorizing via signed-in user (rijwanjannat36@gmail.com)
[debug] [2024-01-24T19:17:23.812Z] [iam] checking project tec-zone for permissions ["firebase.projects.get","firebasehosting.sites.update"]
[debug] [2024-01-24T19:17:23.814Z] >>> [apiv2][query] POST https://cloudresourcemanager.googleapis.com/v1/projects/tec-zone:testIamPermissions [none]
[debug] [2024-01-24T19:17:23.815Z] >>> [apiv2][(partial)header] POST https://cloudresourcemanager.googleapis.com/v1/projects/tec-zone:testIamPermissions x-goog-quota-user=projects/tec-zone
[debug] [2024-01-24T19:17:23.815Z] >>> [apiv2][body] POST https://cloudresourcemanager.googleapis.com/v1/projects/tec-zone:testIamPermissions {"permissions":["firebase.projects.get","firebasehosting.sites.update"]}
[debug] [2024-01-24T19:17:25.322Z] <<< [apiv2][status] POST https://cloudresourcemanager.googleapis.com/v1/projects/tec-zone:testIamPermissions 200
[debug] [2024-01-24T19:17:25.323Z] <<< [apiv2][body] POST https://cloudresourcemanager.googleapis.com/v1/projects/tec-zone:testIamPermissions {"permissions":["firebase.projects.get","firebasehosting.sites.update"]}
[debug] [2024-01-24T19:17:25.326Z] >>> [apiv2][query] GET https://firebase.googleapis.com/v1beta1/projects/tec-zone [none]
[debug] [2024-01-24T19:17:25.846Z] <<< [apiv2][status] GET https://firebase.googleapis.com/v1beta1/projects/tec-zone 200
[debug] [2024-01-24T19:17:25.846Z] <<< [apiv2][body] GET https://firebase.googleapis.com/v1beta1/projects/tec-zone {"projectId":"tec-zone","projectNumber":"730910156498","displayName":"tec-zone","name":"projects/tec-zone","resources":{"hostingSite":"tec-zone"},"state":"ACTIVE","etag":"1_efdadf71-4004-4843-a88d-d96bf4a5113d"}
[debug] [2024-01-24T19:17:30.421Z] >>> [apiv2][query] GET https://firebasehosting.googleapis.com/v1beta1/projects/tec-zone/sites pageToken=&pageSize=10
[debug] [2024-01-24T19:17:31.470Z] <<< [apiv2][status] GET https://firebasehosting.googleapis.com/v1beta1/projects/tec-zone/sites 200
[debug] [2024-01-24T19:17:31.470Z] <<< [apiv2][body] GET https://firebasehosting.googleapis.com/v1beta1/projects/tec-zone/sites {"sites":[{"name":"projects/tec-zone/sites/tec-zone","defaultUrl":"https://tec-zone.web.app","appId":"1:730910156498:web:38a78a8a2868a64077af0b","type":"DEFAULT_SITE"}]}
[debug] [2024-01-24T19:17:31.471Z] >>> [apiv2][query] GET https://firebase.googleapis.com/v1beta1/projects/-/webApps/1:730910156498:web:38a78a8a2868a64077af0b/config [none]
[debug] [2024-01-24T19:17:32.405Z] <<< [apiv2][status] GET https://firebase.googleapis.com/v1beta1/projects/-/webApps/1:730910156498:web:38a78a8a2868a64077af0b/config 200
[debug] [2024-01-24T19:17:32.407Z] <<< [apiv2][body] GET https://firebase.googleapis.com/v1beta1/projects/-/webApps/1:730910156498:web:38a78a8a2868a64077af0b/config {"projectId":"tec-zone","appId":"1:730910156498:web:38a78a8a2868a64077af0b","storageBucket":"tec-zone.appspot.com","apiKey":"AIzaSyA8fcAwHQ27u2sUeLYrNfDg_188Z6YjIZA","authDomain":"tec-zone.firebaseapp.com","messagingSenderId":"730910156498"}
[info] 
   Thank you for trying our early preview of Next.js support on Firebase Hosting.
   During the preview, support is best-effort and breaking changes can be expected. Proceed with caution.
   The integration is known to work with Next.js version 12 - 14.0. You may encounter errors.

   Documentation: https://firebase.google.com/docs/hosting/frameworks/nextjs
   File a bug: https://github.com/firebase/firebase-tools/issues/new?template=bug_report.md
   Submit a feature request: https://github.com/firebase/firebase-tools/issues/new?template=feature_request.md

   We'd love to learn from you. Express your interest in helping us shape the future of Firebase Hosting: https://goo.gle/41enW5X

[debug] [2024-01-24T19:17:43.800Z] >>> [apiv2][query] GET https://firebasehosting.googleapis.com/v1beta1/projects/tec-zone/sites/tec-zone [none]
[debug] [2024-01-24T19:17:44.721Z] <<< [apiv2][status] GET https://firebasehosting.googleapis.com/v1beta1/projects/tec-zone/sites/tec-zone 200
[debug] [2024-01-24T19:17:44.721Z] <<< [apiv2][body] GET https://firebasehosting.googleapis.com/v1beta1/projects/tec-zone/sites/tec-zone {"name":"projects/tec-zone/sites/tec-zone","defaultUrl":"https://tec-zone.web.app","appId":"1:730910156498:web:38a78a8a2868a64077af0b","type":"DEFAULT_SITE"}
[info]    ▲ Next.js 14.1.0

[info] 

[info]    Creating an optimized production build ...

[info]  ⚠ For production Image Optimization with Next.js, the optional 'sharp' package is strongly recommended. Run 'npm i sharp', and Next.js will use it automatically for Image Optimization.
Read more: https://nextjs.org/docs/messages/sharp-missing-in-production

[info] Compiler client unexpectedly exited with code: null and signal: SIGTERM

[info]  ✓ Compiled successfully

[info]    Linting and checking validity of types ...

[info] Failed to compile.


[info] ./app/components/navLink/NavLink.tsx:54:32
Type error: No overload matches this call.
  The last overload gave the following error.
    Argument of type 'ReactElement<any, string | JSXElementConstructor<any>> | ComponentType<SVGProps<SVGSVGElement>>' is not assignable to parameter of type 'string | FunctionComponent<SVGProps<SVGSVGElement>> | ComponentClass<SVGProps<SVGSVGElement>, any>'.
      Type 'ReactElement<any, string | JSXElementConstructor<any>>' is not assignable to type 'string | FunctionComponent<SVGProps<SVGSVGElement>> | ComponentClass<SVGProps<SVGSVGElement>, any>'.

  52 |       >
  53 |         <div className="flex items-center justify-center rounded-lg !bg-blue-gray-50 p-2 ">
> 54 |           {React.createElement(Icon, {
     |                                ^
  55 |             strokeWidth: 2,
  56 |             className: "h-6 text-gray-900 w-6",
  57 |           })}

[debug] [2024-01-24T19:18:48.620Z] Error: ENOENT: no such file or directory, open 'C:\projects\Tec Zone\tec-zone\.next\export-marker.json'
[error] 
[error] Error: An unexpected error has occurred.
